TN:
SF:/home/adham_lt_ubunto/OS_Final_Project/include/graph.hpp
FN:30,30,_ZNK5Graph1nEv
FN:31,31,_ZNK5Graph1mEv
FN:32,32,_ZNK5Graph9neighborsEm
FNDA:2,_ZNK5Graph1nEv
FNDA:2,_ZNK5Graph1mEv
FNDA:11,_ZNK5Graph9neighborsEm
FNF:3
FNH:3
DA:30,2
DA:31,2
DA:32,11
LF:3
LH:3
end_of_record
TN:
SF:/home/adham_lt_ubunto/OS_Final_Project/src/euler.cpp
FN:15,64,_Z18find_euler_circuitRK5Graph
FN:37,46,_ZZ18find_euler_circuitRK5GraphENKUlmmE_clEmm
FN:6,12,_Z17euler_feasibilityRK5Graph
FNDA:2,_Z18find_euler_circuitRK5Graph
FNDA:5,_ZZ18find_euler_circuitRK5GraphENKUlmmE_clEmm
FNDA:6,_Z17euler_feasibilityRK5Graph
FNF:3
FNH:3
DA:6,6
DA:7,6
DA:8,0
DA:9,6
DA:10,2
DA:11,4
DA:15,2
DA:16,2
DA:17,2
DA:19,2
DA:20,2
DA:23,2
DA:24,13
DA:26,2
DA:27,2
DA:30,2
DA:31,8
DA:33,2
DA:34,2
DA:37,5
DA:38,5
DA:39,6
DA:40,1
DA:42,5
DA:43,9
DA:44,9
DA:46,7
DA:48,14
DA:49,12
DA:50,12
DA:51,5
DA:52,5
DA:53,5
DA:54,5
DA:56,7
DA:57,7
DA:62,2
DA:63,2
DA:64,2
LF:39
LH:38
end_of_record
TN:
SF:/home/adham_lt_ubunto/OS_Final_Project/src/graph.cpp
FN:139,187,_ZN5Graph13random_simpleEmmj
FN:161,166,_ZZN5Graph13random_simpleEmmjENKUlmmE_clEmm
FN:17,18,_ZN5GraphC2Em
FN:21,35,_ZN5Graph8add_edgeEmm
FN:38,74,_ZNK5Graph30is_connected_ignoring_isolatedEv
FN:76,81,_ZNK5Graph16all_even_degreesEv
FN:84,137,_ZN5Graph14load_from_fileERKNSt7__cxx1112basic_stringIcSt11char_traitsIcESaIcEEE
FNDA:3,_ZN5Graph13random_simpleEmmj
FNDA:9,_ZZN5Graph13random_simpleEmmjENKUlmmE_clEmm
FNDA:4,_ZN5GraphC2Em
FNDA:11,_ZN5Graph8add_edgeEmm
FNDA:6,_ZNK5Graph30is_connected_ignoring_isolatedEv
FNDA:6,_ZNK5Graph16all_even_degreesEv
FNDA:1,_ZN5Graph14load_from_fileERKNSt7__cxx1112basic_stringIcSt11char_traitsIcESaIcEEE
FNF:7
FNH:7
DA:17,4
DA:18,12
DA:21,11
DA:22,11
DA:23,11
DA:26,11
DA:27,11
DA:28,0
DA:31,11
DA:32,11
DA:33,11
DA:34,11
DA:38,6
DA:40,6
DA:41,6
DA:42,35
DA:43,29
DA:44,17
DA:45,17
DA:50,6
DA:53,4
DA:54,4
DA:55,4
DA:56,4
DA:57,4
DA:59,21
DA:60,17
DA:61,17
DA:62,49
DA:63,32
DA:64,13
DA:65,13
DA:66,13
DA:67,13
DA:73,4
DA:74,4
DA:76,6
DA:77,29
DA:78,25
DA:80,4
DA:84,1
DA:85,1
DA:86,1
DA:88,1
DA:90,1
DA:91,1
DA:93,1
DA:94,1
DA:95,1
DA:97,1
DA:99,1
DA:100,1
DA:101,1
DA:102,1
DA:106,1
DA:108,0
DA:110,1
DA:111,1
DA:112,1
DA:115,1
DA:118,1
DA:119,6
DA:121,5
DA:122,5
DA:123,5
DA:125,5
DA:127,5
DA:129,5
DA:130,5
DA:131,5
DA:132,5
DA:134,1
DA:136,1
DA:137,1
DA:139,3
DA:141,3
DA:142,3
DA:143,3
DA:144,0
DA:146,3
DA:147,0
DA:150,3
DA:151,3
DA:155,2
DA:156,2
DA:158,2
DA:159,2
DA:161,9
DA:163,9
DA:165,9
DA:168,14
DA:169,12
DA:170,12
DA:171,12
DA:172,9
DA:173,9
DA:179,8
DA:180,6
DA:181,6
DA:183,6
DA:186,2
DA:187,2
LF:102
LH:98
end_of_record
TN:
SF:/home/adham_lt_ubunto/OS_Final_Project/src/main.cpp
FN:11,22,_ZL11print_usagePKc
FN:24,111,main
FNDA:0,_ZL11print_usagePKc
FNDA:4,main
FNF:2
FNH:1
DA:11,0
DA:21,0
DA:22,0
DA:24,4
DA:25,4
DA:26,4
DA:28,4
DA:29,4
DA:30,4
DA:31,4
DA:34,14
DA:35,10
DA:36,1
DA:37,2
DA:38,1
DA:39,1
DA:40,3
DA:41,3
DA:42,3
DA:43,3
DA:44,3
DA:45,3
DA:46,3
DA:47,3
DA:48,3
DA:49,3
DA:50,3
DA:51,3
DA:52,3
DA:53,3
DA:54,3
DA:55,0
DA:57,0
DA:58,0
DA:62,4
DA:64,4
DA:66,1
DA:67,0
DA:69,1
DA:70,1
DA:71,0
DA:72,0
DA:76,3
DA:77,0
DA:78,0
DA:81,3
DA:82,0
DA:83,0
DA:84,0
DA:85,0
DA:88,4
DA:91,4
DA:92,4
DA:93,2
DA:94,2
DA:98,4
DA:99,2
DA:101,0
DA:102,0
DA:105,2
DA:106,2
DA:107,9
DA:108,2
DA:110,2
DA:111,4
LF:65
LH:48
end_of_record
