TN:
SF:/home/adhampclinux/OS_Final_Project/include/graph.hpp
FN:10,10,_ZNK5Graph1nEv
FN:11,11,_ZNK5Graph1mEv
FN:14,14,_ZNK5Graph9neighborsEm
FNDA:0,_ZNK5Graph1nEv
FNDA:15,_ZNK5Graph1mEv
FNDA:0,_ZNK5Graph9neighborsEm
FNF:3
FNH:1
DA:10,0
DA:11,15
DA:14,0
LF:3
LH:1
end_of_record
TN:
SF:/home/adhampclinux/OS_Final_Project/src/euler.cpp
FN:14,59,_Z18find_euler_circuitRK5Graph
FN:34,43,_ZZ18find_euler_circuitRK5GraphENKUlmmE_clEmm
FN:5,11,_Z17euler_feasibilityRK5Graph
FNDA:0,_Z18find_euler_circuitRK5Graph
FNDA:0,_ZZ18find_euler_circuitRK5GraphENKUlmmE_clEmm
FNDA:1,_Z17euler_feasibilityRK5Graph
FNF:3
FNH:1
DA:5,1
DA:6,1
DA:7,0
DA:8,1
DA:9,1
DA:10,0
DA:14,0
DA:15,0
DA:16,0
DA:19,0
DA:20,0
DA:21,0
DA:23,0
DA:24,0
DA:27,0
DA:28,0
DA:30,0
DA:31,0
DA:34,0
DA:35,0
DA:36,0
DA:37,0
DA:39,0
DA:40,0
DA:41,0
DA:43,0
DA:45,0
DA:46,0
DA:47,0
DA:48,0
DA:49,0
DA:50,0
DA:51,0
DA:53,0
DA:54,0
DA:58,0
DA:59,0
LF:37
LH:4
end_of_record
TN:
SF:/home/adhampclinux/OS_Final_Project/src/graph.cpp
FN:11,23,_ZN5Graph8add_edgeEmm
FN:25,37,_ZN5Graph14load_from_fileERKNSt7__cxx1112basic_stringIcSt11char_traitsIcESaIcEEE
FN:40,64,_ZN5Graph13random_simpleEmmj
FN:49,52,_ZZN5Graph13random_simpleEmmjENKUlmmE_clEmm
FN:66,93,_ZNK5Graph30is_connected_ignoring_isolatedEv
FN:9,9,_ZN5GraphC2Em
FN:95,100,_ZNK5Graph16all_even_degreesEv
FNDA:8,_ZN5Graph8add_edgeEmm
FNDA:0,_ZN5Graph14load_from_fileERKNSt7__cxx1112basic_stringIcSt11char_traitsIcESaIcEEE
FNDA:1,_ZN5Graph13random_simpleEmmj
FNDA:10,_ZZN5Graph13random_simpleEmmjENKUlmmE_clEmm
FNDA:1,_ZNK5Graph30is_connected_ignoring_isolatedEv
FNDA:1,_ZN5GraphC2Em
FNDA:1,_ZNK5Graph16all_even_degreesEv
FNF:7
FNH:6
DA:9,3
DA:11,8
DA:12,8
DA:13,8
DA:15,8
DA:16,8
DA:17,8
DA:18,8
DA:19,8
DA:20,8
DA:21,8
DA:22,8
DA:25,0
DA:26,0
DA:27,0
DA:29,0
DA:30,0
DA:31,0
DA:33,0
DA:34,0
DA:36,0
DA:37,0
DA:40,1
DA:41,1
DA:42,1
DA:43,1
DA:44,1
DA:46,1
DA:47,1
DA:49,10
DA:50,10
DA:51,10
DA:54,15
DA:55,14
DA:56,14
DA:57,14
DA:58,10
DA:59,10
DA:60,8
DA:63,2
DA:64,1
DA:66,1
DA:67,1
DA:69,1
DA:70,1
DA:71,1
DA:73,1
DA:76,0
DA:78,1
DA:79,1
DA:80,1
DA:81,1
DA:82,7
DA:83,6
DA:84,6
DA:85,22
DA:86,16
DA:90,1
DA:91,7
DA:92,1
DA:93,1
DA:95,1
DA:96,1
DA:97,1
DA:99,0
LF:65
LH:53
end_of_record
TN:
SF:/home/adhampclinux/OS_Final_Project/src/main.cpp
FN:20,78,main
FN:8,18,_ZL5usagePKc
FNDA:1,main
FNDA:0,_ZL5usagePKc
FNF:2
FNH:1
DA:8,0
DA:17,0
DA:18,0
DA:20,1
DA:21,1
DA:22,1
DA:25,4
DA:26,3
DA:27,0
DA:28,3
DA:29,3
DA:30,3
DA:31,0
DA:32,0
DA:33,0
DA:37,1
DA:38,1
DA:39,0
DA:40,0
DA:41,0
DA:42,0
DA:45,1
DA:46,0
DA:47,0
DA:50,2
DA:52,1
DA:53,0
DA:54,0
DA:55,0
DA:56,0
DA:58,1
DA:60,1
DA:61,1
DA:62,1
DA:63,1
DA:66,0
DA:67,0
DA:69,0
DA:70,0
DA:73,0
DA:74,0
DA:75,0
DA:76,0
DA:77,0
DA:78,1
LF:45
LH:19
end_of_record
